2025-07-24 14:36:26,187 INFO: Errore download file : CLAIMSAPR2024.csv :[Errno 2] No such file or directory: 'hdfs'
2025-07-24 14:37:50,403 INFO: Errore download file : CLAIMSAPR2024.csv :[Errno 2] No such file or directory: 'hdfs'
2025-07-24 14:39:26,873 INFO: ⚠️  Errore generale con CLAIMSAPR2024.csv → [Errno 2] No such file or directory: 'hdfs'
2025-07-24 14:42:12,538 INFO: ❌ Errore nel caricamento su HDFS: CLAIMSAPR2024.csv → Command '['/opt/hadoop/bin/hdfs', 'dfs', '-put', '-f', '/home/matteo/server_locale/provider_csv/available/claims/CLAIMSAPR2024.csv', '/user/dr.who/staging_area/incoming/claims/CLAIMSAPR2024.csv']' returned non-zero exit status 1.
2025-07-24 14:52:08,984 INFO: ✅ Caricato su HDFS: CLAIMSAPR2024.csv → /user/dr.who/staging_area/incoming/claims/CLAIMSAPR2024.csv
2025-07-24 14:52:08,984 INFO: 🗑️  File locale rimosso: CLAIMSAPR2024.csv
2025-07-24 15:08:04,011 INFO: CLAIMSJUL2024.csv loaded in HDFS : /user/dr.who/staging_area/incoming/claims/CLAIMSJUL2024.csv
2025-07-24 15:08:04,012 INFO: Removed local file : CLAIMSJUL2024.csv
2025-07-24 15:08:05,090 INFO: behaviour_summary.csv loaded in HDFS : /user/dr.who/staging_area/incoming/telematics/behaviour/behaviour_summary.csv
2025-07-24 15:08:05,091 INFO: Removed local file : behaviour_summary.csv
2025-07-24 15:08:06,116 INFO: behaviour_summary_108.csv loaded in HDFS : /user/dr.who/staging_area/incoming/telematics/behaviour/behaviour_summary_108.csv
2025-07-24 15:08:06,116 INFO: Removed local file : behaviour_summary_108.csv
2025-07-24 15:08:07,151 INFO: province_summary.csv loaded in HDFS : /user/dr.who/staging_area/incoming/telematics/province/province_summary.csv
2025-07-24 15:08:07,151 INFO: Removed local file : province_summary.csv
2025-07-24 15:08:08,177 INFO: province_summary_100.csv loaded in HDFS : /user/dr.who/staging_area/incoming/telematics/province/province_summary_100.csv
2025-07-24 15:08:08,179 INFO: Removed local file : province_summary_100.csv
2025-07-24 15:08:09,219 INFO: trip_summary_100.csv loaded in HDFS : /user/dr.who/staging_area/incoming/telematics/trip_summary/trip_summary_100.csv
2025-07-24 15:08:09,220 INFO: Removed local file : trip_summary_100.csv
2025-07-24 15:08:10,216 INFO: trip_summary.csv loaded in HDFS : /user/dr.who/staging_area/incoming/telematics/trip_summary/trip_summary.csv
2025-07-24 15:08:10,216 INFO: Removed local file : trip_summary.csv
2025-07-29 17:33:15,234 INFO: CLAIMSSEP2024.csv loaded in HDFS : /user/dr.who/staging_area/incoming/claims/CLAIMSSEP2024.csv
2025-07-29 17:33:15,235 INFO: Removed local file : CLAIMSSEP2024.csv
2025-07-29 17:33:16,393 INFO: CLAIMSJAN2024.csv loaded in HDFS : /user/dr.who/staging_area/incoming/claims/CLAIMSJAN2024.csv
2025-07-29 17:33:16,394 INFO: Removed local file : CLAIMSJAN2024.csv
2025-07-29 17:33:17,588 INFO: CLAIMSAPR2024.csv loaded in HDFS : /user/dr.who/staging_area/incoming/claims/CLAIMSAPR2024.csv
2025-07-29 17:33:17,589 INFO: Removed local file : CLAIMSAPR2024.csv
2025-07-29 17:33:18,761 INFO: CLAIMSJUL2024.csv loaded in HDFS : /user/dr.who/staging_area/incoming/claims/CLAIMSJUL2024.csv
2025-07-29 17:33:18,762 INFO: Removed local file : CLAIMSJUL2024.csv
2025-07-29 17:33:19,937 INFO: CLAIMSAUG2024.csv loaded in HDFS : /user/dr.who/staging_area/incoming/claims/CLAIMSAUG2024.csv
2025-07-29 17:33:19,937 INFO: Removed local file : CLAIMSAUG2024.csv
2025-07-29 17:33:21,126 INFO: CLAIMSDEC2024.csv loaded in HDFS : /user/dr.who/staging_area/incoming/claims/CLAIMSDEC2024.csv
2025-07-29 17:33:21,126 INFO: Removed local file : CLAIMSDEC2024.csv
2025-07-29 17:33:22,321 INFO: CLAIMSNOV2024.csv loaded in HDFS : /user/dr.who/staging_area/incoming/claims/CLAIMSNOV2024.csv
2025-07-29 17:33:22,321 INFO: Removed local file : CLAIMSNOV2024.csv
2025-07-29 17:33:23,485 INFO: CLAIMSMAY2024.csv loaded in HDFS : /user/dr.who/staging_area/incoming/claims/CLAIMSMAY2024.csv
2025-07-29 17:33:23,485 INFO: Removed local file : CLAIMSMAY2024.csv
2025-07-29 17:33:24,647 INFO: CLAIMSFEB2024.csv loaded in HDFS : /user/dr.who/staging_area/incoming/claims/CLAIMSFEB2024.csv
2025-07-29 17:33:24,647 INFO: Removed local file : CLAIMSFEB2024.csv
2025-07-29 17:33:25,824 INFO: CLAIMSJUN2024.csv loaded in HDFS : /user/dr.who/staging_area/incoming/claims/CLAIMSJUN2024.csv
2025-07-29 17:33:25,824 INFO: Removed local file : CLAIMSJUN2024.csv
2025-07-29 17:33:26,991 INFO: CLAIMSOCT2024.csv loaded in HDFS : /user/dr.who/staging_area/incoming/claims/CLAIMSOCT2024.csv
2025-07-29 17:33:26,991 INFO: Removed local file : CLAIMSOCT2024.csv
2025-07-29 17:33:28,168 INFO: CLAIMSMAR2024.csv loaded in HDFS : /user/dr.who/staging_area/incoming/claims/CLAIMSMAR2024.csv
2025-07-29 17:33:28,168 INFO: Removed local file : CLAIMSMAR2024.csv
2025-07-29 17:33:29,347 INFO: behaviour_summary_131.csv loaded in HDFS : /user/dr.who/staging_area/incoming/telematics/behaviour/behaviour_summary_131.csv
2025-07-29 17:33:29,348 INFO: Removed local file : behaviour_summary_131.csv
2025-07-29 17:33:30,527 INFO: behaviour_summary_73.csv loaded in HDFS : /user/dr.who/staging_area/incoming/telematics/behaviour/behaviour_summary_73.csv
2025-07-29 17:33:30,527 INFO: Removed local file : behaviour_summary_73.csv
2025-07-29 17:33:31,685 INFO: behaviour_summary_119.csv loaded in HDFS : /user/dr.who/staging_area/incoming/telematics/behaviour/behaviour_summary_119.csv
2025-07-29 17:33:31,686 INFO: Removed local file : behaviour_summary_119.csv
2025-07-29 17:33:32,864 INFO: behaviour_summary_36.csv loaded in HDFS : /user/dr.who/staging_area/incoming/telematics/behaviour/behaviour_summary_36.csv
2025-07-29 17:33:32,865 INFO: Removed local file : behaviour_summary_36.csv
2025-07-29 17:33:34,062 INFO: behaviour_summary_137.csv loaded in HDFS : /user/dr.who/staging_area/incoming/telematics/behaviour/behaviour_summary_137.csv
2025-07-29 17:33:34,063 INFO: Removed local file : behaviour_summary_137.csv
2025-07-29 17:33:35,262 INFO: behaviour_summary_40.csv loaded in HDFS : /user/dr.who/staging_area/incoming/telematics/behaviour/behaviour_summary_40.csv
2025-07-29 17:33:35,263 INFO: Removed local file : behaviour_summary_40.csv
2025-07-29 17:33:36,431 INFO: behaviour_summary_110.csv loaded in HDFS : /user/dr.who/staging_area/incoming/telematics/behaviour/behaviour_summary_110.csv
2025-07-29 17:33:36,432 INFO: Removed local file : behaviour_summary_110.csv
2025-07-29 17:33:37,615 INFO: behaviour_summary_51.csv loaded in HDFS : /user/dr.who/staging_area/incoming/telematics/behaviour/behaviour_summary_51.csv
2025-07-29 17:33:37,617 INFO: Removed local file : behaviour_summary_51.csv
2025-07-29 17:33:38,800 INFO: behaviour_summary.csv loaded in HDFS : /user/dr.who/staging_area/incoming/telematics/behaviour/behaviour_summary.csv
2025-07-29 17:33:38,801 INFO: Removed local file : behaviour_summary.csv
2025-07-29 17:33:39,978 INFO: behaviour_summary_86.csv loaded in HDFS : /user/dr.who/staging_area/incoming/telematics/behaviour/behaviour_summary_86.csv
2025-07-29 17:33:39,979 INFO: Removed local file : behaviour_summary_86.csv
2025-07-29 17:33:41,146 INFO: behaviour_summary_57.csv loaded in HDFS : /user/dr.who/staging_area/incoming/telematics/behaviour/behaviour_summary_57.csv
2025-07-29 17:33:41,147 INFO: Removed local file : behaviour_summary_57.csv
2025-07-29 17:33:42,317 INFO: behaviour_summary_138.csv loaded in HDFS : /user/dr.who/staging_area/incoming/telematics/behaviour/behaviour_summary_138.csv
2025-07-29 17:33:42,318 INFO: Removed local file : behaviour_summary_138.csv
2025-07-29 17:33:43,556 INFO: behaviour_summary_49.csv loaded in HDFS : /user/dr.who/staging_area/incoming/telematics/behaviour/behaviour_summary_49.csv
2025-07-29 17:33:43,558 INFO: Removed local file : behaviour_summary_49.csv
2025-07-29 17:33:44,740 INFO: behaviour_summary_69.csv loaded in HDFS : /user/dr.who/staging_area/incoming/telematics/behaviour/behaviour_summary_69.csv
2025-07-29 17:33:44,741 INFO: Removed local file : behaviour_summary_69.csv
2025-07-29 17:33:45,924 INFO: behaviour_summary_132.csv loaded in HDFS : /user/dr.who/staging_area/incoming/telematics/behaviour/behaviour_summary_132.csv
2025-07-29 17:33:45,925 INFO: Removed local file : behaviour_summary_132.csv
2025-07-29 17:33:47,096 INFO: behaviour_summary_52.csv loaded in HDFS : /user/dr.who/staging_area/incoming/telematics/behaviour/behaviour_summary_52.csv
2025-07-29 17:33:47,097 INFO: Removed local file : behaviour_summary_52.csv
2025-07-29 17:33:48,281 INFO: behaviour_summary_64.csv loaded in HDFS : /user/dr.who/staging_area/incoming/telematics/behaviour/behaviour_summary_64.csv
2025-07-29 17:33:48,282 INFO: Removed local file : behaviour_summary_64.csv
2025-07-29 17:33:49,464 INFO: behaviour_summary_55.csv loaded in HDFS : /user/dr.who/staging_area/incoming/telematics/behaviour/behaviour_summary_55.csv
2025-07-29 17:33:49,465 INFO: Removed local file : behaviour_summary_55.csv
2025-07-29 17:33:50,647 INFO: behaviour_summary_50.csv loaded in HDFS : /user/dr.who/staging_area/incoming/telematics/behaviour/behaviour_summary_50.csv
2025-07-29 17:33:50,648 INFO: Removed local file : behaviour_summary_50.csv
2025-07-29 17:33:51,826 INFO: behaviour_summary_30.csv loaded in HDFS : /user/dr.who/staging_area/incoming/telematics/behaviour/behaviour_summary_30.csv
2025-07-29 17:33:51,827 INFO: Removed local file : behaviour_summary_30.csv
2025-07-29 17:33:53,004 INFO: behaviour_summary_105.csv loaded in HDFS : /user/dr.who/staging_area/incoming/telematics/behaviour/behaviour_summary_105.csv
2025-07-29 17:33:53,005 INFO: Removed local file : behaviour_summary_105.csv
2025-07-29 17:33:54,174 INFO: behaviour_summary_27.csv loaded in HDFS : /user/dr.who/staging_area/incoming/telematics/behaviour/behaviour_summary_27.csv
2025-07-29 17:33:54,175 INFO: Removed local file : behaviour_summary_27.csv
2025-07-29 17:33:55,375 INFO: behaviour_summary_83.csv loaded in HDFS : /user/dr.who/staging_area/incoming/telematics/behaviour/behaviour_summary_83.csv
2025-07-29 17:33:55,376 INFO: Removed local file : behaviour_summary_83.csv
2025-07-29 17:33:56,551 INFO: behaviour_summary_39.csv loaded in HDFS : /user/dr.who/staging_area/incoming/telematics/behaviour/behaviour_summary_39.csv
2025-07-29 17:33:56,552 INFO: Removed local file : behaviour_summary_39.csv
2025-07-29 17:33:57,748 INFO: behaviour_summary_106.csv loaded in HDFS : /user/dr.who/staging_area/incoming/telematics/behaviour/behaviour_summary_106.csv
2025-07-29 17:33:57,749 INFO: Removed local file : behaviour_summary_106.csv
2025-07-29 17:33:58,921 INFO: behaviour_summary_108.csv loaded in HDFS : /user/dr.who/staging_area/incoming/telematics/behaviour/behaviour_summary_108.csv
2025-07-29 17:33:58,922 INFO: Removed local file : behaviour_summary_108.csv
2025-07-29 17:34:00,081 INFO: behaviour_summary_140.csv loaded in HDFS : /user/dr.who/staging_area/incoming/telematics/behaviour/behaviour_summary_140.csv
2025-07-29 17:34:00,081 INFO: Removed local file : behaviour_summary_140.csv
2025-07-29 17:34:01,291 INFO: behaviour_summary_93.csv loaded in HDFS : /user/dr.who/staging_area/incoming/telematics/behaviour/behaviour_summary_93.csv
2025-07-29 17:34:01,291 INFO: Removed local file : behaviour_summary_93.csv
2025-07-29 17:34:02,454 INFO: behaviour_summary_91.csv loaded in HDFS : /user/dr.who/staging_area/incoming/telematics/behaviour/behaviour_summary_91.csv
2025-07-29 17:34:02,455 INFO: Removed local file : behaviour_summary_91.csv
2025-07-29 17:34:03,659 INFO: behaviour_summary_20.csv loaded in HDFS : /user/dr.who/staging_area/incoming/telematics/behaviour/behaviour_summary_20.csv
2025-07-29 17:34:03,660 INFO: Removed local file : behaviour_summary_20.csv
2025-07-29 17:34:04,846 INFO: behaviour_summary_126.csv loaded in HDFS : /user/dr.who/staging_area/incoming/telematics/behaviour/behaviour_summary_126.csv
2025-07-29 17:34:04,847 INFO: Removed local file : behaviour_summary_126.csv
2025-07-29 17:34:06,019 INFO: behaviour_summary_135.csv loaded in HDFS : /user/dr.who/staging_area/incoming/telematics/behaviour/behaviour_summary_135.csv
2025-07-29 17:34:06,020 INFO: Removed local file : behaviour_summary_135.csv
2025-07-29 17:34:07,207 INFO: behaviour_summary_100.csv loaded in HDFS : /user/dr.who/staging_area/incoming/telematics/behaviour/behaviour_summary_100.csv
2025-07-29 17:34:07,208 INFO: Removed local file : behaviour_summary_100.csv
2025-07-29 17:34:08,374 INFO: behaviour_summary_18.csv loaded in HDFS : /user/dr.who/staging_area/incoming/telematics/behaviour/behaviour_summary_18.csv
2025-07-29 17:34:08,375 INFO: Removed local file : behaviour_summary_18.csv
2025-07-29 17:34:09,555 INFO: behaviour_summary_122.csv loaded in HDFS : /user/dr.who/staging_area/incoming/telematics/behaviour/behaviour_summary_122.csv
2025-07-29 17:34:09,556 INFO: Removed local file : behaviour_summary_122.csv
2025-07-29 17:34:10,724 INFO: behaviour_summary_90.csv loaded in HDFS : /user/dr.who/staging_area/incoming/telematics/behaviour/behaviour_summary_90.csv
2025-07-29 17:34:10,725 INFO: Removed local file : behaviour_summary_90.csv
2025-07-29 17:34:11,920 INFO: behaviour_summary_78.csv loaded in HDFS : /user/dr.who/staging_area/incoming/telematics/behaviour/behaviour_summary_78.csv
2025-07-29 17:34:11,920 INFO: Removed local file : behaviour_summary_78.csv
2025-07-29 17:34:13,101 INFO: behaviour_summary_21.csv loaded in HDFS : /user/dr.who/staging_area/incoming/telematics/behaviour/behaviour_summary_21.csv
2025-07-29 17:34:13,101 INFO: Removed local file : behaviour_summary_21.csv
2025-07-29 17:34:14,424 INFO: behaviour_summary_101.csv loaded in HDFS : /user/dr.who/staging_area/incoming/telematics/behaviour/behaviour_summary_101.csv
2025-07-29 17:34:14,425 INFO: Removed local file : behaviour_summary_101.csv
2025-07-29 17:34:15,765 INFO: behaviour_summary_4.csv loaded in HDFS : /user/dr.who/staging_area/incoming/telematics/behaviour/behaviour_summary_4.csv
2025-07-29 17:34:15,766 INFO: Removed local file : behaviour_summary_4.csv
2025-07-29 17:34:17,109 INFO: behaviour_summary_99.csv loaded in HDFS : /user/dr.who/staging_area/incoming/telematics/behaviour/behaviour_summary_99.csv
2025-07-29 17:34:17,110 INFO: Removed local file : behaviour_summary_99.csv
2025-07-29 17:34:18,287 INFO: behaviour_summary_28.csv loaded in HDFS : /user/dr.who/staging_area/incoming/telematics/behaviour/behaviour_summary_28.csv
2025-07-29 17:34:18,288 INFO: Removed local file : behaviour_summary_28.csv
2025-07-29 17:34:19,483 INFO: behaviour_summary_116.csv loaded in HDFS : /user/dr.who/staging_area/incoming/telematics/behaviour/behaviour_summary_116.csv
2025-07-29 17:34:19,485 INFO: Removed local file : behaviour_summary_116.csv
2025-07-29 17:34:20,673 INFO: behaviour_summary_37.csv loaded in HDFS : /user/dr.who/staging_area/incoming/telematics/behaviour/behaviour_summary_37.csv
2025-07-29 17:34:20,674 INFO: Removed local file : behaviour_summary_37.csv
2025-07-29 17:34:21,844 INFO: behaviour_summary_120.csv loaded in HDFS : /user/dr.who/staging_area/incoming/telematics/behaviour/behaviour_summary_120.csv
2025-07-29 17:34:21,846 INFO: Removed local file : behaviour_summary_120.csv
2025-07-29 17:34:23,013 INFO: behaviour_summary_14.csv loaded in HDFS : /user/dr.who/staging_area/incoming/telematics/behaviour/behaviour_summary_14.csv
2025-07-29 17:34:23,014 INFO: Removed local file : behaviour_summary_14.csv
2025-07-29 17:34:24,215 INFO: behaviour_summary_46.csv loaded in HDFS : /user/dr.who/staging_area/incoming/telematics/behaviour/behaviour_summary_46.csv
2025-07-29 17:34:24,216 INFO: Removed local file : behaviour_summary_46.csv
2025-07-29 17:34:25,377 INFO: behaviour_summary_24.csv loaded in HDFS : /user/dr.who/staging_area/incoming/telematics/behaviour/behaviour_summary_24.csv
2025-07-29 17:34:25,378 INFO: Removed local file : behaviour_summary_24.csv
2025-07-29 17:34:26,564 INFO: behaviour_summary_79.csv loaded in HDFS : /user/dr.who/staging_area/incoming/telematics/behaviour/behaviour_summary_79.csv
2025-07-29 17:34:26,565 INFO: Removed local file : behaviour_summary_79.csv
2025-07-29 17:34:27,756 INFO: behaviour_summary_35.csv loaded in HDFS : /user/dr.who/staging_area/incoming/telematics/behaviour/behaviour_summary_35.csv
2025-07-29 17:34:27,757 INFO: Removed local file : behaviour_summary_35.csv
2025-07-29 17:34:28,927 INFO: behaviour_summary_112.csv loaded in HDFS : /user/dr.who/staging_area/incoming/telematics/behaviour/behaviour_summary_112.csv
2025-07-29 17:34:28,928 INFO: Removed local file : behaviour_summary_112.csv
2025-07-29 17:34:30,119 INFO: behaviour_summary_124.csv loaded in HDFS : /user/dr.who/staging_area/incoming/telematics/behaviour/behaviour_summary_124.csv
2025-07-29 17:34:30,120 INFO: Removed local file : behaviour_summary_124.csv
2025-07-29 17:34:31,305 INFO: behaviour_summary_121.csv loaded in HDFS : /user/dr.who/staging_area/incoming/telematics/behaviour/behaviour_summary_121.csv
2025-07-29 17:34:31,305 INFO: Removed local file : behaviour_summary_121.csv
2025-07-29 17:34:32,484 INFO: behaviour_summary_9.csv loaded in HDFS : /user/dr.who/staging_area/incoming/telematics/behaviour/behaviour_summary_9.csv
2025-07-29 17:34:32,485 INFO: Removed local file : behaviour_summary_9.csv
2025-07-29 17:34:33,675 INFO: behaviour_summary_44.csv loaded in HDFS : /user/dr.who/staging_area/incoming/telematics/behaviour/behaviour_summary_44.csv
2025-07-29 17:34:33,676 INFO: Removed local file : behaviour_summary_44.csv
2025-07-29 17:34:34,867 INFO: behaviour_summary_114.csv loaded in HDFS : /user/dr.who/staging_area/incoming/telematics/behaviour/behaviour_summary_114.csv
2025-07-29 17:34:34,867 INFO: Removed local file : behaviour_summary_114.csv
2025-07-29 17:34:36,051 INFO: behaviour_summary_76.csv loaded in HDFS : /user/dr.who/staging_area/incoming/telematics/behaviour/behaviour_summary_76.csv
2025-07-29 17:34:36,052 INFO: Removed local file : behaviour_summary_76.csv
2025-07-29 17:34:37,210 INFO: behaviour_summary_8.csv loaded in HDFS : /user/dr.who/staging_area/incoming/telematics/behaviour/behaviour_summary_8.csv
2025-07-29 17:34:37,212 INFO: Removed local file : behaviour_summary_8.csv
2025-07-29 17:34:38,384 INFO: behaviour_summary_61.csv loaded in HDFS : /user/dr.who/staging_area/incoming/telematics/behaviour/behaviour_summary_61.csv
2025-07-29 17:34:38,385 INFO: Removed local file : behaviour_summary_61.csv
2025-07-29 17:34:39,559 INFO: behaviour_summary_5.csv loaded in HDFS : /user/dr.who/staging_area/incoming/telematics/behaviour/behaviour_summary_5.csv
2025-07-29 17:34:39,560 INFO: Removed local file : behaviour_summary_5.csv
2025-07-29 17:34:40,741 INFO: behaviour_summary_66.csv loaded in HDFS : /user/dr.who/staging_area/incoming/telematics/behaviour/behaviour_summary_66.csv
2025-07-29 17:34:40,742 INFO: Removed local file : behaviour_summary_66.csv
2025-07-29 17:34:41,890 INFO: behaviour_summary_80.csv loaded in HDFS : /user/dr.who/staging_area/incoming/telematics/behaviour/behaviour_summary_80.csv
2025-07-29 17:34:41,891 INFO: Removed local file : behaviour_summary_80.csv
2025-07-29 17:34:43,069 INFO: behaviour_summary_118.csv loaded in HDFS : /user/dr.who/staging_area/incoming/telematics/behaviour/behaviour_summary_118.csv
2025-07-29 17:34:43,069 INFO: Removed local file : behaviour_summary_118.csv
2025-07-29 17:34:44,254 INFO: behaviour_summary_60.csv loaded in HDFS : /user/dr.who/staging_area/incoming/telematics/behaviour/behaviour_summary_60.csv
2025-07-29 17:34:44,255 INFO: Removed local file : behaviour_summary_60.csv
2025-07-29 17:34:45,425 INFO: behaviour_summary_94.csv loaded in HDFS : /user/dr.who/staging_area/incoming/telematics/behaviour/behaviour_summary_94.csv
2025-07-29 17:34:45,426 INFO: Removed local file : behaviour_summary_94.csv
2025-07-29 17:34:46,616 INFO: behaviour_summary_41.csv loaded in HDFS : /user/dr.who/staging_area/incoming/telematics/behaviour/behaviour_summary_41.csv
2025-07-29 17:34:46,617 INFO: Removed local file : behaviour_summary_41.csv
2025-07-29 17:34:47,790 INFO: behaviour_summary_53.csv loaded in HDFS : /user/dr.who/staging_area/incoming/telematics/behaviour/behaviour_summary_53.csv
2025-07-29 17:34:47,791 INFO: Removed local file : behaviour_summary_53.csv
2025-07-29 17:34:48,983 INFO: behaviour_summary_111.csv loaded in HDFS : /user/dr.who/staging_area/incoming/telematics/behaviour/behaviour_summary_111.csv
2025-07-29 17:34:48,985 INFO: Removed local file : behaviour_summary_111.csv
2025-07-29 17:34:50,117 INFO: behaviour_summary_54.csv loaded in HDFS : /user/dr.who/staging_area/incoming/telematics/behaviour/behaviour_summary_54.csv
2025-07-29 17:34:50,118 INFO: Removed local file : behaviour_summary_54.csv
2025-07-29 17:34:51,235 INFO: behaviour_summary_102.csv loaded in HDFS : /user/dr.who/staging_area/incoming/telematics/behaviour/behaviour_summary_102.csv
2025-07-29 17:34:51,236 INFO: Removed local file : behaviour_summary_102.csv
2025-07-29 17:34:52,399 INFO: behaviour_summary_56.csv loaded in HDFS : /user/dr.who/staging_area/incoming/telematics/behaviour/behaviour_summary_56.csv
2025-07-29 17:34:52,402 INFO: Removed local file : behaviour_summary_56.csv
2025-07-29 17:34:53,559 INFO: behaviour_summary_74.csv loaded in HDFS : /user/dr.who/staging_area/incoming/telematics/behaviour/behaviour_summary_74.csv
2025-07-29 17:34:53,561 INFO: Removed local file : behaviour_summary_74.csv
2025-07-29 17:34:54,724 INFO: behaviour_summary_97.csv loaded in HDFS : /user/dr.who/staging_area/incoming/telematics/behaviour/behaviour_summary_97.csv
2025-07-29 17:34:54,726 INFO: Removed local file : behaviour_summary_97.csv
2025-07-29 17:34:55,883 INFO: behaviour_summary_23.csv loaded in HDFS : /user/dr.who/staging_area/incoming/telematics/behaviour/behaviour_summary_23.csv
2025-07-29 17:34:55,884 INFO: Removed local file : behaviour_summary_23.csv
2025-07-29 17:34:57,044 INFO: behaviour_summary_12.csv loaded in HDFS : /user/dr.who/staging_area/incoming/telematics/behaviour/behaviour_summary_12.csv
2025-07-29 17:34:57,045 INFO: Removed local file : behaviour_summary_12.csv
2025-07-29 17:34:58,176 INFO: behaviour_summary_29.csv loaded in HDFS : /user/dr.who/staging_area/incoming/telematics/behaviour/behaviour_summary_29.csv
2025-07-29 17:34:58,177 INFO: Removed local file : behaviour_summary_29.csv
2025-07-29 17:34:59,311 INFO: behaviour_summary_103.csv loaded in HDFS : /user/dr.who/staging_area/incoming/telematics/behaviour/behaviour_summary_103.csv
2025-07-29 17:34:59,313 INFO: Removed local file : behaviour_summary_103.csv
2025-07-29 17:35:00,435 INFO: behaviour_summary_139.csv loaded in HDFS : /user/dr.who/staging_area/incoming/telematics/behaviour/behaviour_summary_139.csv
2025-07-29 17:35:00,436 INFO: Removed local file : behaviour_summary_139.csv
2025-07-29 17:35:01,572 INFO: behaviour_summary_107.csv loaded in HDFS : /user/dr.who/staging_area/incoming/telematics/behaviour/behaviour_summary_107.csv
2025-07-29 17:35:01,573 INFO: Removed local file : behaviour_summary_107.csv
2025-07-29 17:35:02,718 INFO: behaviour_summary_32.csv loaded in HDFS : /user/dr.who/staging_area/incoming/telematics/behaviour/behaviour_summary_32.csv
2025-07-29 17:35:02,719 INFO: Removed local file : behaviour_summary_32.csv
2025-07-29 17:35:03,843 INFO: behaviour_summary_3.csv loaded in HDFS : /user/dr.who/staging_area/incoming/telematics/behaviour/behaviour_summary_3.csv
2025-07-29 17:35:03,844 INFO: Removed local file : behaviour_summary_3.csv
2025-07-29 17:35:04,978 INFO: behaviour_summary_25.csv loaded in HDFS : /user/dr.who/staging_area/incoming/telematics/behaviour/behaviour_summary_25.csv
2025-07-29 17:35:04,980 INFO: Removed local file : behaviour_summary_25.csv
2025-07-29 17:35:06,099 INFO: behaviour_summary_45.csv loaded in HDFS : /user/dr.who/staging_area/incoming/telematics/behaviour/behaviour_summary_45.csv
2025-07-29 17:35:06,100 INFO: Removed local file : behaviour_summary_45.csv
2025-07-29 17:35:07,243 INFO: behaviour_summary_85.csv loaded in HDFS : /user/dr.who/staging_area/incoming/telematics/behaviour/behaviour_summary_85.csv
2025-07-29 17:35:07,245 INFO: Removed local file : behaviour_summary_85.csv
2025-07-29 17:35:08,377 INFO: behaviour_summary_82.csv loaded in HDFS : /user/dr.who/staging_area/incoming/telematics/behaviour/behaviour_summary_82.csv
2025-07-29 17:35:08,379 INFO: Removed local file : behaviour_summary_82.csv
2025-07-29 17:35:09,524 INFO: behaviour_summary_43.csv loaded in HDFS : /user/dr.who/staging_area/incoming/telematics/behaviour/behaviour_summary_43.csv
2025-07-29 17:35:09,526 INFO: Removed local file : behaviour_summary_43.csv
2025-07-29 17:35:10,653 INFO: behaviour_summary_104.csv loaded in HDFS : /user/dr.who/staging_area/incoming/telematics/behaviour/behaviour_summary_104.csv
2025-07-29 17:35:10,653 INFO: Removed local file : behaviour_summary_104.csv
2025-07-29 17:35:11,783 INFO: behaviour_summary_96.csv loaded in HDFS : /user/dr.who/staging_area/incoming/telematics/behaviour/behaviour_summary_96.csv
2025-07-29 17:35:11,785 INFO: Removed local file : behaviour_summary_96.csv
2025-07-29 17:35:12,943 INFO: behaviour_summary_2.csv loaded in HDFS : /user/dr.who/staging_area/incoming/telematics/behaviour/behaviour_summary_2.csv
2025-07-29 17:35:12,945 INFO: Removed local file : behaviour_summary_2.csv
2025-07-29 17:35:14,093 INFO: behaviour_summary_59.csv loaded in HDFS : /user/dr.who/staging_area/incoming/telematics/behaviour/behaviour_summary_59.csv
2025-07-29 17:35:14,094 INFO: Removed local file : behaviour_summary_59.csv
2025-07-29 17:35:15,232 INFO: behaviour_summary_58.csv loaded in HDFS : /user/dr.who/staging_area/incoming/telematics/behaviour/behaviour_summary_58.csv
2025-07-29 17:35:15,233 INFO: Removed local file : behaviour_summary_58.csv
2025-07-29 17:35:16,368 INFO: behaviour_summary_33.csv loaded in HDFS : /user/dr.who/staging_area/incoming/telematics/behaviour/behaviour_summary_33.csv
2025-07-29 17:35:16,369 INFO: Removed local file : behaviour_summary_33.csv
2025-07-29 17:35:17,483 INFO: behaviour_summary_127.csv loaded in HDFS : /user/dr.who/staging_area/incoming/telematics/behaviour/behaviour_summary_127.csv
2025-07-29 17:35:17,484 INFO: Removed local file : behaviour_summary_127.csv
2025-07-29 17:35:18,601 INFO: behaviour_summary_130.csv loaded in HDFS : /user/dr.who/staging_area/incoming/telematics/behaviour/behaviour_summary_130.csv
2025-07-29 17:35:18,602 INFO: Removed local file : behaviour_summary_130.csv
2025-07-29 17:35:19,742 INFO: behaviour_summary_22.csv loaded in HDFS : /user/dr.who/staging_area/incoming/telematics/behaviour/behaviour_summary_22.csv
2025-07-29 17:35:19,744 INFO: Removed local file : behaviour_summary_22.csv
2025-07-29 17:35:20,876 INFO: behaviour_summary_84.csv loaded in HDFS : /user/dr.who/staging_area/incoming/telematics/behaviour/behaviour_summary_84.csv
2025-07-29 17:35:20,876 INFO: Removed local file : behaviour_summary_84.csv
2025-07-29 17:35:22,027 INFO: behaviour_summary_134.csv loaded in HDFS : /user/dr.who/staging_area/incoming/telematics/behaviour/behaviour_summary_134.csv
2025-07-29 17:35:22,029 INFO: Removed local file : behaviour_summary_134.csv
2025-07-29 17:35:23,171 INFO: behaviour_summary_125.csv loaded in HDFS : /user/dr.who/staging_area/incoming/telematics/behaviour/behaviour_summary_125.csv
2025-07-29 17:35:23,172 INFO: Removed local file : behaviour_summary_125.csv
2025-07-29 17:35:24,297 INFO: behaviour_summary_13.csv loaded in HDFS : /user/dr.who/staging_area/incoming/telematics/behaviour/behaviour_summary_13.csv
2025-07-29 17:35:24,298 INFO: Removed local file : behaviour_summary_13.csv
2025-07-29 17:35:25,433 INFO: behaviour_summary_10.csv loaded in HDFS : /user/dr.who/staging_area/incoming/telematics/behaviour/behaviour_summary_10.csv
2025-07-29 17:35:25,435 INFO: Removed local file : behaviour_summary_10.csv
2025-07-29 17:35:26,568 INFO: behaviour_summary_113.csv loaded in HDFS : /user/dr.who/staging_area/incoming/telematics/behaviour/behaviour_summary_113.csv
2025-07-29 17:35:26,568 INFO: Removed local file : behaviour_summary_113.csv
2025-07-29 17:35:27,708 INFO: behaviour_summary_72.csv loaded in HDFS : /user/dr.who/staging_area/incoming/telematics/behaviour/behaviour_summary_72.csv
2025-07-29 17:35:27,709 INFO: Removed local file : behaviour_summary_72.csv
2025-07-29 17:35:28,858 INFO: behaviour_summary_92.csv loaded in HDFS : /user/dr.who/staging_area/incoming/telematics/behaviour/behaviour_summary_92.csv
2025-07-29 17:35:28,860 INFO: Removed local file : behaviour_summary_92.csv
2025-07-29 17:35:29,988 INFO: behaviour_summary_48.csv loaded in HDFS : /user/dr.who/staging_area/incoming/telematics/behaviour/behaviour_summary_48.csv
2025-07-29 17:35:29,989 INFO: Removed local file : behaviour_summary_48.csv
2025-07-29 17:35:31,124 INFO: behaviour_summary_65.csv loaded in HDFS : /user/dr.who/staging_area/incoming/telematics/behaviour/behaviour_summary_65.csv
2025-07-29 17:35:31,124 INFO: Removed local file : behaviour_summary_65.csv
2025-07-29 17:35:32,267 INFO: behaviour_summary_70.csv loaded in HDFS : /user/dr.who/staging_area/incoming/telematics/behaviour/behaviour_summary_70.csv
2025-07-29 17:35:32,268 INFO: Removed local file : behaviour_summary_70.csv
2025-07-29 17:35:33,380 INFO: behaviour_summary_17.csv loaded in HDFS : /user/dr.who/staging_area/incoming/telematics/behaviour/behaviour_summary_17.csv
2025-07-29 17:35:33,381 INFO: Removed local file : behaviour_summary_17.csv
2025-07-29 17:35:34,513 INFO: behaviour_summary_19.csv loaded in HDFS : /user/dr.who/staging_area/incoming/telematics/behaviour/behaviour_summary_19.csv
2025-07-29 17:35:34,515 INFO: Removed local file : behaviour_summary_19.csv
2025-07-29 17:35:35,682 INFO: behaviour_summary_31.csv loaded in HDFS : /user/dr.who/staging_area/incoming/telematics/behaviour/behaviour_summary_31.csv
2025-07-29 17:35:35,683 INFO: Removed local file : behaviour_summary_31.csv
2025-07-29 17:35:36,837 INFO: behaviour_summary_26.csv loaded in HDFS : /user/dr.who/staging_area/incoming/telematics/behaviour/behaviour_summary_26.csv
2025-07-29 17:35:36,838 INFO: Removed local file : behaviour_summary_26.csv
2025-07-29 17:35:38,013 INFO: behaviour_summary_98.csv loaded in HDFS : /user/dr.who/staging_area/incoming/telematics/behaviour/behaviour_summary_98.csv
2025-07-29 17:35:38,014 INFO: Removed local file : behaviour_summary_98.csv
2025-07-29 17:35:39,138 INFO: behaviour_summary_128.csv loaded in HDFS : /user/dr.who/staging_area/incoming/telematics/behaviour/behaviour_summary_128.csv
2025-07-29 17:35:39,140 INFO: Removed local file : behaviour_summary_128.csv
2025-07-29 17:35:40,280 INFO: behaviour_summary_63.csv loaded in HDFS : /user/dr.who/staging_area/incoming/telematics/behaviour/behaviour_summary_63.csv
2025-07-29 17:35:40,282 INFO: Removed local file : behaviour_summary_63.csv
2025-07-29 17:35:41,406 INFO: behaviour_summary_89.csv loaded in HDFS : /user/dr.who/staging_area/incoming/telematics/behaviour/behaviour_summary_89.csv
2025-07-29 17:35:41,407 INFO: Removed local file : behaviour_summary_89.csv
2025-07-29 17:35:42,552 INFO: behaviour_summary_109.csv loaded in HDFS : /user/dr.who/staging_area/incoming/telematics/behaviour/behaviour_summary_109.csv
2025-07-29 17:35:42,553 INFO: Removed local file : behaviour_summary_109.csv
2025-07-29 17:35:43,715 INFO: behaviour_summary_7.csv loaded in HDFS : /user/dr.who/staging_area/incoming/telematics/behaviour/behaviour_summary_7.csv
2025-07-29 17:35:43,717 INFO: Removed local file : behaviour_summary_7.csv
2025-07-29 17:35:44,851 INFO: behaviour_summary_16.csv loaded in HDFS : /user/dr.who/staging_area/incoming/telematics/behaviour/behaviour_summary_16.csv
2025-07-29 17:35:44,853 INFO: Removed local file : behaviour_summary_16.csv
2025-07-29 17:35:46,013 INFO: behaviour_summary_71.csv loaded in HDFS : /user/dr.who/staging_area/incoming/telematics/behaviour/behaviour_summary_71.csv
2025-07-29 17:35:46,015 INFO: Removed local file : behaviour_summary_71.csv
2025-07-29 17:35:47,146 INFO: behaviour_summary_6.csv loaded in HDFS : /user/dr.who/staging_area/incoming/telematics/behaviour/behaviour_summary_6.csv
2025-07-29 17:35:47,147 INFO: Removed local file : behaviour_summary_6.csv
2025-07-29 17:35:48,282 INFO: behaviour_summary_42.csv loaded in HDFS : /user/dr.who/staging_area/incoming/telematics/behaviour/behaviour_summary_42.csv
2025-07-29 17:35:48,283 INFO: Removed local file : behaviour_summary_42.csv
2025-07-29 17:35:49,442 INFO: behaviour_summary_129.csv loaded in HDFS : /user/dr.who/staging_area/incoming/telematics/behaviour/behaviour_summary_129.csv
2025-07-29 17:35:49,444 INFO: Removed local file : behaviour_summary_129.csv
2025-07-29 17:35:50,567 INFO: behaviour_summary_117.csv loaded in HDFS : /user/dr.who/staging_area/incoming/telematics/behaviour/behaviour_summary_117.csv
2025-07-29 17:35:50,569 INFO: Removed local file : behaviour_summary_117.csv
2025-07-29 17:35:51,702 INFO: behaviour_summary_115.csv loaded in HDFS : /user/dr.who/staging_area/incoming/telematics/behaviour/behaviour_summary_115.csv
2025-07-29 17:35:51,702 INFO: Removed local file : behaviour_summary_115.csv
2025-07-29 17:35:52,849 INFO: behaviour_summary_75.csv loaded in HDFS : /user/dr.who/staging_area/incoming/telematics/behaviour/behaviour_summary_75.csv
2025-07-29 17:35:52,850 INFO: Removed local file : behaviour_summary_75.csv
2025-07-29 17:35:53,968 INFO: behaviour_summary_67.csv loaded in HDFS : /user/dr.who/staging_area/incoming/telematics/behaviour/behaviour_summary_67.csv
2025-07-29 17:35:53,970 INFO: Removed local file : behaviour_summary_67.csv
2025-07-29 17:35:55,102 INFO: behaviour_summary_81.csv loaded in HDFS : /user/dr.who/staging_area/incoming/telematics/behaviour/behaviour_summary_81.csv
2025-07-29 17:35:55,104 INFO: Removed local file : behaviour_summary_81.csv
2025-07-29 17:35:56,240 INFO: behaviour_summary_47.csv loaded in HDFS : /user/dr.who/staging_area/incoming/telematics/behaviour/behaviour_summary_47.csv
2025-07-29 17:35:56,242 INFO: Removed local file : behaviour_summary_47.csv
2025-07-29 17:35:57,359 INFO: behaviour_summary_11.csv loaded in HDFS : /user/dr.who/staging_area/incoming/telematics/behaviour/behaviour_summary_11.csv
2025-07-29 17:35:57,359 INFO: Removed local file : behaviour_summary_11.csv
2025-07-29 17:35:58,520 INFO: behaviour_summary_88.csv loaded in HDFS : /user/dr.who/staging_area/incoming/telematics/behaviour/behaviour_summary_88.csv
2025-07-29 17:35:58,522 INFO: Removed local file : behaviour_summary_88.csv
2025-07-29 17:35:59,652 INFO: behaviour_summary_133.csv loaded in HDFS : /user/dr.who/staging_area/incoming/telematics/behaviour/behaviour_summary_133.csv
2025-07-29 17:35:59,653 INFO: Removed local file : behaviour_summary_133.csv
2025-07-29 17:36:00,799 INFO: behaviour_summary_62.csv loaded in HDFS : /user/dr.who/staging_area/incoming/telematics/behaviour/behaviour_summary_62.csv
2025-07-29 17:36:00,800 INFO: Removed local file : behaviour_summary_62.csv
2025-07-29 17:36:01,963 INFO: behaviour_summary_123.csv loaded in HDFS : /user/dr.who/staging_area/incoming/telematics/behaviour/behaviour_summary_123.csv
2025-07-29 17:36:01,963 INFO: Removed local file : behaviour_summary_123.csv
2025-07-29 17:36:03,101 INFO: behaviour_summary_136.csv loaded in HDFS : /user/dr.who/staging_area/incoming/telematics/behaviour/behaviour_summary_136.csv
2025-07-29 17:36:03,102 INFO: Removed local file : behaviour_summary_136.csv
2025-07-29 17:36:04,248 INFO: behaviour_summary_38.csv loaded in HDFS : /user/dr.who/staging_area/incoming/telematics/behaviour/behaviour_summary_38.csv
2025-07-29 17:36:04,249 INFO: Removed local file : behaviour_summary_38.csv
2025-07-29 17:36:05,428 INFO: behaviour_summary_87.csv loaded in HDFS : /user/dr.who/staging_area/incoming/telematics/behaviour/behaviour_summary_87.csv
2025-07-29 17:36:05,429 INFO: Removed local file : behaviour_summary_87.csv
2025-07-29 17:36:06,573 INFO: behaviour_summary_95.csv loaded in HDFS : /user/dr.who/staging_area/incoming/telematics/behaviour/behaviour_summary_95.csv
2025-07-29 17:36:06,574 INFO: Removed local file : behaviour_summary_95.csv
2025-07-29 17:36:07,713 INFO: behaviour_summary_77.csv loaded in HDFS : /user/dr.who/staging_area/incoming/telematics/behaviour/behaviour_summary_77.csv
2025-07-29 17:36:07,714 INFO: Removed local file : behaviour_summary_77.csv
2025-07-29 17:36:08,858 INFO: behaviour_summary_68.csv loaded in HDFS : /user/dr.who/staging_area/incoming/telematics/behaviour/behaviour_summary_68.csv
2025-07-29 17:36:08,860 INFO: Removed local file : behaviour_summary_68.csv
2025-07-29 17:36:09,995 INFO: behaviour_summary_15.csv loaded in HDFS : /user/dr.who/staging_area/incoming/telematics/behaviour/behaviour_summary_15.csv
2025-07-29 17:36:09,996 INFO: Removed local file : behaviour_summary_15.csv
2025-07-29 17:36:11,130 INFO: behaviour_summary_34.csv loaded in HDFS : /user/dr.who/staging_area/incoming/telematics/behaviour/behaviour_summary_34.csv
2025-07-29 17:36:11,131 INFO: Removed local file : behaviour_summary_34.csv
2025-07-29 17:36:12,249 INFO: province_summary_35.csv loaded in HDFS : /user/dr.who/staging_area/incoming/telematics/province/province_summary_35.csv
2025-07-29 17:36:12,250 INFO: Removed local file : province_summary_35.csv
2025-07-29 17:36:13,395 INFO: province_summary_84.csv loaded in HDFS : /user/dr.who/staging_area/incoming/telematics/province/province_summary_84.csv
2025-07-29 17:36:13,396 INFO: Removed local file : province_summary_84.csv
2025-07-29 17:36:14,531 INFO: province_summary_57.csv loaded in HDFS : /user/dr.who/staging_area/incoming/telematics/province/province_summary_57.csv
2025-07-29 17:36:14,532 INFO: Removed local file : province_summary_57.csv
2025-07-29 17:36:15,677 INFO: province_summary_71.csv loaded in HDFS : /user/dr.who/staging_area/incoming/telematics/province/province_summary_71.csv
2025-07-29 17:36:15,678 INFO: Removed local file : province_summary_71.csv
2025-07-29 17:36:16,811 INFO: province_summary_43.csv loaded in HDFS : /user/dr.who/staging_area/incoming/telematics/province/province_summary_43.csv
2025-07-29 17:36:16,812 INFO: Removed local file : province_summary_43.csv
2025-07-29 17:36:17,984 INFO: province_summary_29.csv loaded in HDFS : /user/dr.who/staging_area/incoming/telematics/province/province_summary_29.csv
2025-07-29 17:36:17,986 INFO: Removed local file : province_summary_29.csv
2025-07-29 17:36:19,120 INFO: province_summary_38.csv loaded in HDFS : /user/dr.who/staging_area/incoming/telematics/province/province_summary_38.csv
2025-07-29 17:36:19,121 INFO: Removed local file : province_summary_38.csv
2025-07-29 17:36:20,255 INFO: province_summary_30.csv loaded in HDFS : /user/dr.who/staging_area/incoming/telematics/province/province_summary_30.csv
2025-07-29 17:36:20,256 INFO: Removed local file : province_summary_30.csv
2025-07-29 17:36:21,371 INFO: province_summary_50.csv loaded in HDFS : /user/dr.who/staging_area/incoming/telematics/province/province_summary_50.csv
2025-07-29 17:36:21,373 INFO: Removed local file : province_summary_50.csv
2025-07-29 17:36:22,503 INFO: province_summary_70.csv loaded in HDFS : /user/dr.who/staging_area/incoming/telematics/province/province_summary_70.csv
2025-07-29 17:36:22,504 INFO: Removed local file : province_summary_70.csv
2025-07-29 17:36:23,618 INFO: province_summary_20.csv loaded in HDFS : /user/dr.who/staging_area/incoming/telematics/province/province_summary_20.csv
2025-07-29 17:36:23,619 INFO: Removed local file : province_summary_20.csv
2025-07-29 17:36:24,781 INFO: province_summary_25.csv loaded in HDFS : /user/dr.who/staging_area/incoming/telematics/province/province_summary_25.csv
2025-07-29 17:36:24,783 INFO: Removed local file : province_summary_25.csv
2025-07-29 17:36:25,970 INFO: province_summary_90.csv loaded in HDFS : /user/dr.who/staging_area/incoming/telematics/province/province_summary_90.csv
2025-07-29 17:36:25,972 INFO: Removed local file : province_summary_90.csv
2025-07-29 17:36:27,104 INFO: province_summary_69.csv loaded in HDFS : /user/dr.who/staging_area/incoming/telematics/province/province_summary_69.csv
2025-07-29 17:36:27,105 INFO: Removed local file : province_summary_69.csv
2025-07-29 17:36:28,235 INFO: province_summary_56.csv loaded in HDFS : /user/dr.who/staging_area/incoming/telematics/province/province_summary_56.csv
2025-07-29 17:36:28,236 INFO: Removed local file : province_summary_56.csv
2025-07-29 17:36:29,378 INFO: province_summary_2.csv loaded in HDFS : /user/dr.who/staging_area/incoming/telematics/province/province_summary_2.csv
2025-07-29 17:36:29,380 INFO: Removed local file : province_summary_2.csv
2025-07-29 17:36:30,495 INFO: province_summary_72.csv loaded in HDFS : /user/dr.who/staging_area/incoming/telematics/province/province_summary_72.csv
2025-07-29 17:36:30,497 INFO: Removed local file : province_summary_72.csv
2025-07-29 17:36:31,616 INFO: province_summary_3.csv loaded in HDFS : /user/dr.who/staging_area/incoming/telematics/province/province_summary_3.csv
2025-07-29 17:36:31,616 INFO: Removed local file : province_summary_3.csv
2025-07-29 17:36:32,754 INFO: province_summary_86.csv loaded in HDFS : /user/dr.who/staging_area/incoming/telematics/province/province_summary_86.csv
2025-07-29 17:36:32,755 INFO: Removed local file : province_summary_86.csv
2025-07-29 17:36:33,892 INFO: province_summary_24.csv loaded in HDFS : /user/dr.who/staging_area/incoming/telematics/province/province_summary_24.csv
2025-07-29 17:36:33,893 INFO: Removed local file : province_summary_24.csv
2025-07-29 17:36:35,043 INFO: province_summary_78.csv loaded in HDFS : /user/dr.who/staging_area/incoming/telematics/province/province_summary_78.csv
2025-07-29 17:36:35,045 INFO: Removed local file : province_summary_78.csv
2025-07-29 17:36:36,180 INFO: province_summary_67.csv loaded in HDFS : /user/dr.who/staging_area/incoming/telematics/province/province_summary_67.csv
2025-07-29 17:36:36,181 INFO: Removed local file : province_summary_67.csv
2025-07-29 17:36:37,310 INFO: province_summary_97.csv loaded in HDFS : /user/dr.who/staging_area/incoming/telematics/province/province_summary_97.csv
2025-07-29 17:36:37,311 INFO: Removed local file : province_summary_97.csv
2025-07-29 17:36:38,475 INFO: province_summary_58.csv loaded in HDFS : /user/dr.who/staging_area/incoming/telematics/province/province_summary_58.csv
2025-07-29 17:36:38,475 INFO: Removed local file : province_summary_58.csv
2025-07-29 17:36:39,633 INFO: province_summary_63.csv loaded in HDFS : /user/dr.who/staging_area/incoming/telematics/province/province_summary_63.csv
2025-07-29 17:36:39,635 INFO: Removed local file : province_summary_63.csv
2025-07-29 17:36:40,761 INFO: province_summary_34.csv loaded in HDFS : /user/dr.who/staging_area/incoming/telematics/province/province_summary_34.csv
2025-07-29 17:36:40,762 INFO: Removed local file : province_summary_34.csv
2025-07-29 17:36:41,903 INFO: province_summary_62.csv loaded in HDFS : /user/dr.who/staging_area/incoming/telematics/province/province_summary_62.csv
2025-07-29 17:36:41,904 INFO: Removed local file : province_summary_62.csv
2025-07-29 17:36:43,019 INFO: province_summary_83.csv loaded in HDFS : /user/dr.who/staging_area/incoming/telematics/province/province_summary_83.csv
2025-07-29 17:36:43,020 INFO: Removed local file : province_summary_83.csv
2025-07-29 17:36:44,156 INFO: province_summary_16.csv loaded in HDFS : /user/dr.who/staging_area/incoming/telematics/province/province_summary_16.csv
2025-07-29 17:36:44,157 INFO: Removed local file : province_summary_16.csv
2025-07-29 17:36:45,309 INFO: province_summary_59.csv loaded in HDFS : /user/dr.who/staging_area/incoming/telematics/province/province_summary_59.csv
2025-07-29 17:36:45,311 INFO: Removed local file : province_summary_59.csv
2025-07-29 17:36:46,437 INFO: province_summary_22.csv loaded in HDFS : /user/dr.who/staging_area/incoming/telematics/province/province_summary_22.csv
2025-07-29 17:36:46,439 INFO: Removed local file : province_summary_22.csv
2025-07-29 17:36:47,576 INFO: province_summary_19.csv loaded in HDFS : /user/dr.who/staging_area/incoming/telematics/province/province_summary_19.csv
2025-07-29 17:36:47,577 INFO: Removed local file : province_summary_19.csv
2025-07-29 17:36:48,701 INFO: province_summary_52.csv loaded in HDFS : /user/dr.who/staging_area/incoming/telematics/province/province_summary_52.csv
2025-07-29 17:36:48,703 INFO: Removed local file : province_summary_52.csv
2025-07-29 17:36:49,850 INFO: province_summary_101.csv loaded in HDFS : /user/dr.who/staging_area/incoming/telematics/province/province_summary_101.csv
2025-07-29 17:36:49,851 INFO: Removed local file : province_summary_101.csv
2025-07-29 17:36:50,994 INFO: province_summary_46.csv loaded in HDFS : /user/dr.who/staging_area/incoming/telematics/province/province_summary_46.csv
2025-07-29 17:36:50,995 INFO: Removed local file : province_summary_46.csv
2025-07-29 17:36:52,141 INFO: province_summary_15.csv loaded in HDFS : /user/dr.who/staging_area/incoming/telematics/province/province_summary_15.csv
2025-07-29 17:36:52,143 INFO: Removed local file : province_summary_15.csv
2025-07-29 17:36:53,279 INFO: province_summary_31.csv loaded in HDFS : /user/dr.who/staging_area/incoming/telematics/province/province_summary_31.csv
2025-07-29 17:36:53,281 INFO: Removed local file : province_summary_31.csv
2025-07-29 17:36:54,428 INFO: province_summary_27.csv loaded in HDFS : /user/dr.who/staging_area/incoming/telematics/province/province_summary_27.csv
2025-07-29 17:36:54,429 INFO: Removed local file : province_summary_27.csv
2025-07-29 17:36:55,557 INFO: province_summary_96.csv loaded in HDFS : /user/dr.who/staging_area/incoming/telematics/province/province_summary_96.csv
2025-07-29 17:36:55,558 INFO: Removed local file : province_summary_96.csv
2025-07-29 17:36:56,706 INFO: province_summary_74.csv loaded in HDFS : /user/dr.who/staging_area/incoming/telematics/province/province_summary_74.csv
2025-07-29 17:36:56,708 INFO: Removed local file : province_summary_74.csv
2025-07-29 17:36:57,827 INFO: province_summary_79.csv loaded in HDFS : /user/dr.who/staging_area/incoming/telematics/province/province_summary_79.csv
2025-07-29 17:36:57,828 INFO: Removed local file : province_summary_79.csv
2025-07-29 17:36:58,976 INFO: province_summary_39.csv loaded in HDFS : /user/dr.who/staging_area/incoming/telematics/province/province_summary_39.csv
2025-07-29 17:36:58,977 INFO: Removed local file : province_summary_39.csv
2025-07-29 17:37:00,109 INFO: province_summary_60.csv loaded in HDFS : /user/dr.who/staging_area/incoming/telematics/province/province_summary_60.csv
2025-07-29 17:37:00,111 INFO: Removed local file : province_summary_60.csv
2025-07-29 17:37:01,245 INFO: province_summary_98.csv loaded in HDFS : /user/dr.who/staging_area/incoming/telematics/province/province_summary_98.csv
2025-07-29 17:37:01,247 INFO: Removed local file : province_summary_98.csv
2025-07-29 17:37:02,386 INFO: province_summary_55.csv loaded in HDFS : /user/dr.who/staging_area/incoming/telematics/province/province_summary_55.csv
2025-07-29 17:37:02,387 INFO: Removed local file : province_summary_55.csv
2025-07-29 17:37:03,523 INFO: province_summary_91.csv loaded in HDFS : /user/dr.who/staging_area/incoming/telematics/province/province_summary_91.csv
2025-07-29 17:37:03,524 INFO: Removed local file : province_summary_91.csv
2025-07-29 17:37:04,674 INFO: province_summary_4.csv loaded in HDFS : /user/dr.who/staging_area/incoming/telematics/province/province_summary_4.csv
2025-07-29 17:37:04,675 INFO: Removed local file : province_summary_4.csv
2025-07-29 17:37:05,840 INFO: province_summary_76.csv loaded in HDFS : /user/dr.who/staging_area/incoming/telematics/province/province_summary_76.csv
2025-07-29 17:37:05,841 INFO: Removed local file : province_summary_76.csv
2025-07-29 17:37:06,971 INFO: province_summary_61.csv loaded in HDFS : /user/dr.who/staging_area/incoming/telematics/province/province_summary_61.csv
2025-07-29 17:37:06,973 INFO: Removed local file : province_summary_61.csv
2025-07-29 17:37:08,119 INFO: province_summary_87.csv loaded in HDFS : /user/dr.who/staging_area/incoming/telematics/province/province_summary_87.csv
2025-07-29 17:37:08,119 INFO: Removed local file : province_summary_87.csv
2025-07-29 17:37:09,238 INFO: province_summary_53.csv loaded in HDFS : /user/dr.who/staging_area/incoming/telematics/province/province_summary_53.csv
2025-07-29 17:37:09,239 INFO: Removed local file : province_summary_53.csv
2025-07-29 17:37:10,414 INFO: province_summary_88.csv loaded in HDFS : /user/dr.who/staging_area/incoming/telematics/province/province_summary_88.csv
2025-07-29 17:37:10,415 INFO: Removed local file : province_summary_88.csv
2025-07-29 17:37:11,545 INFO: province_summary.csv loaded in HDFS : /user/dr.who/staging_area/incoming/telematics/province/province_summary.csv
2025-07-29 17:37:11,546 INFO: Removed local file : province_summary.csv
2025-07-29 17:37:12,680 INFO: province_summary_41.csv loaded in HDFS : /user/dr.who/staging_area/incoming/telematics/province/province_summary_41.csv
2025-07-29 17:37:12,682 INFO: Removed local file : province_summary_41.csv
2025-07-29 17:37:13,819 INFO: province_summary_47.csv loaded in HDFS : /user/dr.who/staging_area/incoming/telematics/province/province_summary_47.csv
2025-07-29 17:37:13,820 INFO: Removed local file : province_summary_47.csv
2025-07-29 17:37:14,954 INFO: province_summary_40.csv loaded in HDFS : /user/dr.who/staging_area/incoming/telematics/province/province_summary_40.csv
2025-07-29 17:37:14,956 INFO: Removed local file : province_summary_40.csv
2025-07-29 17:37:16,073 INFO: province_summary_42.csv loaded in HDFS : /user/dr.who/staging_area/incoming/telematics/province/province_summary_42.csv
2025-07-29 17:37:16,075 INFO: Removed local file : province_summary_42.csv
2025-07-29 17:37:17,228 INFO: province_summary_89.csv loaded in HDFS : /user/dr.who/staging_area/incoming/telematics/province/province_summary_89.csv
2025-07-29 17:37:17,229 INFO: Removed local file : province_summary_89.csv
2025-07-29 17:37:18,345 INFO: province_summary_48.csv loaded in HDFS : /user/dr.who/staging_area/incoming/telematics/province/province_summary_48.csv
2025-07-29 17:37:18,345 INFO: Removed local file : province_summary_48.csv
2025-07-29 17:37:19,497 INFO: province_summary_6.csv loaded in HDFS : /user/dr.who/staging_area/incoming/telematics/province/province_summary_6.csv
2025-07-29 17:37:19,498 INFO: Removed local file : province_summary_6.csv
2025-07-29 17:37:20,635 INFO: province_summary_17.csv loaded in HDFS : /user/dr.who/staging_area/incoming/telematics/province/province_summary_17.csv
2025-07-29 17:37:20,636 INFO: Removed local file : province_summary_17.csv
2025-07-29 17:37:21,787 INFO: province_summary_32.csv loaded in HDFS : /user/dr.who/staging_area/incoming/telematics/province/province_summary_32.csv
2025-07-29 17:37:21,789 INFO: Removed local file : province_summary_32.csv
2025-07-29 17:37:22,920 INFO: province_summary_94.csv loaded in HDFS : /user/dr.who/staging_area/incoming/telematics/province/province_summary_94.csv
2025-07-29 17:37:22,922 INFO: Removed local file : province_summary_94.csv
2025-07-29 17:37:24,037 INFO: province_summary_51.csv loaded in HDFS : /user/dr.who/staging_area/incoming/telematics/province/province_summary_51.csv
2025-07-29 17:37:24,038 INFO: Removed local file : province_summary_51.csv
2025-07-29 17:37:25,160 INFO: province_summary_66.csv loaded in HDFS : /user/dr.who/staging_area/incoming/telematics/province/province_summary_66.csv
2025-07-29 17:37:25,162 INFO: Removed local file : province_summary_66.csv
2025-07-29 17:37:26,251 INFO: province_summary_44.csv loaded in HDFS : /user/dr.who/staging_area/incoming/telematics/province/province_summary_44.csv
2025-07-29 17:37:26,253 INFO: Removed local file : province_summary_44.csv
2025-07-29 17:37:27,413 INFO: province_summary_14.csv loaded in HDFS : /user/dr.who/staging_area/incoming/telematics/province/province_summary_14.csv
2025-07-29 17:37:27,415 INFO: Removed local file : province_summary_14.csv
2025-07-29 17:37:28,552 INFO: province_summary_64.csv loaded in HDFS : /user/dr.who/staging_area/incoming/telematics/province/province_summary_64.csv
2025-07-29 17:37:28,553 INFO: Removed local file : province_summary_64.csv
2025-07-29 17:37:29,666 INFO: province_summary_8.csv loaded in HDFS : /user/dr.who/staging_area/incoming/telematics/province/province_summary_8.csv
2025-07-29 17:37:29,667 INFO: Removed local file : province_summary_8.csv
2025-07-29 17:37:30,812 INFO: province_summary_23.csv loaded in HDFS : /user/dr.who/staging_area/incoming/telematics/province/province_summary_23.csv
2025-07-29 17:37:30,814 INFO: Removed local file : province_summary_23.csv
2025-07-29 17:37:31,974 INFO: province_summary_75.csv loaded in HDFS : /user/dr.who/staging_area/incoming/telematics/province/province_summary_75.csv
2025-07-29 17:37:31,976 INFO: Removed local file : province_summary_75.csv
2025-07-29 17:37:33,118 INFO: province_summary_26.csv loaded in HDFS : /user/dr.who/staging_area/incoming/telematics/province/province_summary_26.csv
2025-07-29 17:37:33,120 INFO: Removed local file : province_summary_26.csv
2025-07-29 17:37:34,238 INFO: province_summary_95.csv loaded in HDFS : /user/dr.who/staging_area/incoming/telematics/province/province_summary_95.csv
2025-07-29 17:37:34,239 INFO: Removed local file : province_summary_95.csv
2025-07-29 17:37:35,371 INFO: province_summary_49.csv loaded in HDFS : /user/dr.who/staging_area/incoming/telematics/province/province_summary_49.csv
2025-07-29 17:37:35,372 INFO: Removed local file : province_summary_49.csv
2025-07-29 17:37:36,518 INFO: province_summary_28.csv loaded in HDFS : /user/dr.who/staging_area/incoming/telematics/province/province_summary_28.csv
2025-07-29 17:37:36,521 INFO: Removed local file : province_summary_28.csv
2025-07-29 17:37:37,667 INFO: province_summary_102.csv loaded in HDFS : /user/dr.who/staging_area/incoming/telematics/province/province_summary_102.csv
2025-07-29 17:37:37,668 INFO: Removed local file : province_summary_102.csv
2025-07-29 17:37:38,847 INFO: province_summary_21.csv loaded in HDFS : /user/dr.who/staging_area/incoming/telematics/province/province_summary_21.csv
2025-07-29 17:37:38,848 INFO: Removed local file : province_summary_21.csv
2025-07-29 17:37:39,991 INFO: province_summary_9.csv loaded in HDFS : /user/dr.who/staging_area/incoming/telematics/province/province_summary_9.csv
2025-07-29 17:37:39,993 INFO: Removed local file : province_summary_9.csv
2025-07-29 17:37:41,134 INFO: province_summary_54.csv loaded in HDFS : /user/dr.who/staging_area/incoming/telematics/province/province_summary_54.csv
2025-07-29 17:37:41,135 INFO: Removed local file : province_summary_54.csv
2025-07-29 17:37:42,280 INFO: province_summary_80.csv loaded in HDFS : /user/dr.who/staging_area/incoming/telematics/province/province_summary_80.csv
2025-07-29 17:37:42,281 INFO: Removed local file : province_summary_80.csv
2025-07-29 17:37:43,437 INFO: province_summary_45.csv loaded in HDFS : /user/dr.who/staging_area/incoming/telematics/province/province_summary_45.csv
2025-07-29 17:37:43,439 INFO: Removed local file : province_summary_45.csv
2025-07-29 17:37:44,576 INFO: province_summary_99.csv loaded in HDFS : /user/dr.who/staging_area/incoming/telematics/province/province_summary_99.csv
2025-07-29 17:37:44,576 INFO: Removed local file : province_summary_99.csv
2025-07-29 17:37:45,724 INFO: province_summary_10.csv loaded in HDFS : /user/dr.who/staging_area/incoming/telematics/province/province_summary_10.csv
2025-07-29 17:37:45,725 INFO: Removed local file : province_summary_10.csv
2025-07-29 17:37:46,854 INFO: province_summary_33.csv loaded in HDFS : /user/dr.who/staging_area/incoming/telematics/province/province_summary_33.csv
2025-07-29 17:37:46,855 INFO: Removed local file : province_summary_33.csv
2025-07-29 17:37:48,000 INFO: province_summary_11.csv loaded in HDFS : /user/dr.who/staging_area/incoming/telematics/province/province_summary_11.csv
2025-07-29 17:37:48,002 INFO: Removed local file : province_summary_11.csv
2025-07-29 17:37:49,131 INFO: province_summary_5.csv loaded in HDFS : /user/dr.who/staging_area/incoming/telematics/province/province_summary_5.csv
2025-07-29 17:37:49,132 INFO: Removed local file : province_summary_5.csv
2025-07-29 17:37:50,271 INFO: province_summary_37.csv loaded in HDFS : /user/dr.who/staging_area/incoming/telematics/province/province_summary_37.csv
2025-07-29 17:37:50,272 INFO: Removed local file : province_summary_37.csv
2025-07-29 17:37:51,414 INFO: province_summary_18.csv loaded in HDFS : /user/dr.who/staging_area/incoming/telematics/province/province_summary_18.csv
2025-07-29 17:37:51,416 INFO: Removed local file : province_summary_18.csv
2025-07-29 17:37:52,572 INFO: province_summary_85.csv loaded in HDFS : /user/dr.who/staging_area/incoming/telematics/province/province_summary_85.csv
2025-07-29 17:37:52,574 INFO: Removed local file : province_summary_85.csv
2025-07-29 17:37:53,724 INFO: province_summary_36.csv loaded in HDFS : /user/dr.who/staging_area/incoming/telematics/province/province_summary_36.csv
2025-07-29 17:37:53,726 INFO: Removed local file : province_summary_36.csv
2025-07-29 17:37:54,863 INFO: province_summary_100.csv loaded in HDFS : /user/dr.who/staging_area/incoming/telematics/province/province_summary_100.csv
2025-07-29 17:37:54,864 INFO: Removed local file : province_summary_100.csv
2025-07-29 17:37:56,040 INFO: province_summary_65.csv loaded in HDFS : /user/dr.who/staging_area/incoming/telematics/province/province_summary_65.csv
2025-07-29 17:37:56,041 INFO: Removed local file : province_summary_65.csv
2025-07-29 17:37:57,193 INFO: province_summary_92.csv loaded in HDFS : /user/dr.who/staging_area/incoming/telematics/province/province_summary_92.csv
2025-07-29 17:37:57,194 INFO: Removed local file : province_summary_92.csv
2025-07-29 17:37:58,319 INFO: province_summary_68.csv loaded in HDFS : /user/dr.who/staging_area/incoming/telematics/province/province_summary_68.csv
2025-07-29 17:37:58,321 INFO: Removed local file : province_summary_68.csv
2025-07-29 17:37:59,434 INFO: province_summary_77.csv loaded in HDFS : /user/dr.who/staging_area/incoming/telematics/province/province_summary_77.csv
2025-07-29 17:37:59,435 INFO: Removed local file : province_summary_77.csv
2025-07-29 17:38:00,586 INFO: province_summary_82.csv loaded in HDFS : /user/dr.who/staging_area/incoming/telematics/province/province_summary_82.csv
2025-07-29 17:38:00,588 INFO: Removed local file : province_summary_82.csv
2025-07-29 17:38:01,770 INFO: province_summary_7.csv loaded in HDFS : /user/dr.who/staging_area/incoming/telematics/province/province_summary_7.csv
2025-07-29 17:38:01,772 INFO: Removed local file : province_summary_7.csv
2025-07-29 17:38:02,899 INFO: province_summary_13.csv loaded in HDFS : /user/dr.who/staging_area/incoming/telematics/province/province_summary_13.csv
2025-07-29 17:38:02,901 INFO: Removed local file : province_summary_13.csv
2025-07-29 17:38:04,050 INFO: province_summary_12.csv loaded in HDFS : /user/dr.who/staging_area/incoming/telematics/province/province_summary_12.csv
2025-07-29 17:38:04,052 INFO: Removed local file : province_summary_12.csv
2025-07-29 17:38:05,200 INFO: province_summary_81.csv loaded in HDFS : /user/dr.who/staging_area/incoming/telematics/province/province_summary_81.csv
2025-07-29 17:38:05,201 INFO: Removed local file : province_summary_81.csv
2025-07-29 17:38:06,329 INFO: province_summary_103.csv loaded in HDFS : /user/dr.who/staging_area/incoming/telematics/province/province_summary_103.csv
2025-07-29 17:38:06,331 INFO: Removed local file : province_summary_103.csv
2025-07-29 17:38:07,469 INFO: province_summary_93.csv loaded in HDFS : /user/dr.who/staging_area/incoming/telematics/province/province_summary_93.csv
2025-07-29 17:38:07,471 INFO: Removed local file : province_summary_93.csv
2025-07-29 17:38:08,606 INFO: province_summary_73.csv loaded in HDFS : /user/dr.who/staging_area/incoming/telematics/province/province_summary_73.csv
2025-07-29 17:38:08,608 INFO: Removed local file : province_summary_73.csv
2025-07-29 17:38:09,759 INFO: trip_summary_78.csv loaded in HDFS : /user/dr.who/staging_area/incoming/telematics/trip_summary/trip_summary_78.csv
2025-07-29 17:38:09,759 INFO: Removed local file : trip_summary_78.csv
2025-07-29 17:38:10,889 INFO: trip_summary_21.csv loaded in HDFS : /user/dr.who/staging_area/incoming/telematics/trip_summary/trip_summary_21.csv
2025-07-29 17:38:10,891 INFO: Removed local file : trip_summary_21.csv
2025-07-29 17:38:12,027 INFO: trip_summary_5.csv loaded in HDFS : /user/dr.who/staging_area/incoming/telematics/trip_summary/trip_summary_5.csv
2025-07-29 17:38:12,029 INFO: Removed local file : trip_summary_5.csv
2025-07-29 17:38:13,177 INFO: trip_summary_59.csv loaded in HDFS : /user/dr.who/staging_area/incoming/telematics/trip_summary/trip_summary_59.csv
2025-07-29 17:38:13,179 INFO: Removed local file : trip_summary_59.csv
2025-07-29 17:38:14,321 INFO: trip_summary_92.csv loaded in HDFS : /user/dr.who/staging_area/incoming/telematics/trip_summary/trip_summary_92.csv
2025-07-29 17:38:14,322 INFO: Removed local file : trip_summary_92.csv
2025-07-29 17:38:15,462 INFO: trip_summary_98.csv loaded in HDFS : /user/dr.who/staging_area/incoming/telematics/trip_summary/trip_summary_98.csv
2025-07-29 17:38:15,463 INFO: Removed local file : trip_summary_98.csv
2025-07-29 17:38:16,603 INFO: trip_summary_89.csv loaded in HDFS : /user/dr.who/staging_area/incoming/telematics/trip_summary/trip_summary_89.csv
2025-07-29 17:38:16,605 INFO: Removed local file : trip_summary_89.csv
2025-07-29 17:38:17,759 INFO: trip_summary_8.csv loaded in HDFS : /user/dr.who/staging_area/incoming/telematics/trip_summary/trip_summary_8.csv
2025-07-29 17:38:17,761 INFO: Removed local file : trip_summary_8.csv
2025-07-29 17:38:18,936 INFO: trip_summary_73.csv loaded in HDFS : /user/dr.who/staging_area/incoming/telematics/trip_summary/trip_summary_73.csv
2025-07-29 17:38:18,937 INFO: Removed local file : trip_summary_73.csv
2025-07-29 17:38:20,081 INFO: trip_summary_88.csv loaded in HDFS : /user/dr.who/staging_area/incoming/telematics/trip_summary/trip_summary_88.csv
2025-07-29 17:38:20,082 INFO: Removed local file : trip_summary_88.csv
2025-07-29 17:38:21,234 INFO: trip_summary_54.csv loaded in HDFS : /user/dr.who/staging_area/incoming/telematics/trip_summary/trip_summary_54.csv
2025-07-29 17:38:21,236 INFO: Removed local file : trip_summary_54.csv
2025-07-29 17:38:22,386 INFO: trip_summary_44.csv loaded in HDFS : /user/dr.who/staging_area/incoming/telematics/trip_summary/trip_summary_44.csv
2025-07-29 17:38:22,387 INFO: Removed local file : trip_summary_44.csv
2025-07-29 17:38:23,528 INFO: trip_summary_46.csv loaded in HDFS : /user/dr.who/staging_area/incoming/telematics/trip_summary/trip_summary_46.csv
2025-07-29 17:38:23,529 INFO: Removed local file : trip_summary_46.csv
2025-07-29 17:38:24,720 INFO: trip_summary_61.csv loaded in HDFS : /user/dr.who/staging_area/incoming/telematics/trip_summary/trip_summary_61.csv
2025-07-29 17:38:24,721 INFO: Removed local file : trip_summary_61.csv
2025-07-29 17:38:25,851 INFO: trip_summary_39.csv loaded in HDFS : /user/dr.who/staging_area/incoming/telematics/trip_summary/trip_summary_39.csv
2025-07-29 17:38:25,851 INFO: Removed local file : trip_summary_39.csv
2025-07-29 17:38:26,989 INFO: trip_summary_97.csv loaded in HDFS : /user/dr.who/staging_area/incoming/telematics/trip_summary/trip_summary_97.csv
2025-07-29 17:38:26,991 INFO: Removed local file : trip_summary_97.csv
2025-07-29 17:38:28,132 INFO: trip_summary_48.csv loaded in HDFS : /user/dr.who/staging_area/incoming/telematics/trip_summary/trip_summary_48.csv
2025-07-29 17:38:28,134 INFO: Removed local file : trip_summary_48.csv
2025-07-29 17:38:29,277 INFO: trip_summary_47.csv loaded in HDFS : /user/dr.who/staging_area/incoming/telematics/trip_summary/trip_summary_47.csv
2025-07-29 17:38:29,279 INFO: Removed local file : trip_summary_47.csv
2025-07-29 17:38:30,437 INFO: trip_summary_26.csv loaded in HDFS : /user/dr.who/staging_area/incoming/telematics/trip_summary/trip_summary_26.csv
2025-07-29 17:38:30,438 INFO: Removed local file : trip_summary_26.csv
2025-07-29 17:38:31,584 INFO: trip_summary_31.csv loaded in HDFS : /user/dr.who/staging_area/incoming/telematics/trip_summary/trip_summary_31.csv
2025-07-29 17:38:31,585 INFO: Removed local file : trip_summary_31.csv
2025-07-29 17:38:32,713 INFO: trip_summary_57.csv loaded in HDFS : /user/dr.who/staging_area/incoming/telematics/trip_summary/trip_summary_57.csv
2025-07-29 17:38:32,714 INFO: Removed local file : trip_summary_57.csv
2025-07-29 17:38:33,860 INFO: trip_summary_28.csv loaded in HDFS : /user/dr.who/staging_area/incoming/telematics/trip_summary/trip_summary_28.csv
2025-07-29 17:38:33,861 INFO: Removed local file : trip_summary_28.csv
2025-07-29 17:38:34,984 INFO: trip_summary_40.csv loaded in HDFS : /user/dr.who/staging_area/incoming/telematics/trip_summary/trip_summary_40.csv
2025-07-29 17:38:34,985 INFO: Removed local file : trip_summary_40.csv
2025-07-29 17:38:36,115 INFO: trip_summary_70.csv loaded in HDFS : /user/dr.who/staging_area/incoming/telematics/trip_summary/trip_summary_70.csv
2025-07-29 17:38:36,115 INFO: Removed local file : trip_summary_70.csv
2025-07-29 17:38:37,278 INFO: trip_summary_14.csv loaded in HDFS : /user/dr.who/staging_area/incoming/telematics/trip_summary/trip_summary_14.csv
2025-07-29 17:38:37,279 INFO: Removed local file : trip_summary_14.csv
2025-07-29 17:38:38,436 INFO: trip_summary_45.csv loaded in HDFS : /user/dr.who/staging_area/incoming/telematics/trip_summary/trip_summary_45.csv
2025-07-29 17:38:38,438 INFO: Removed local file : trip_summary_45.csv
2025-07-29 17:38:39,578 INFO: trip_summary_103.csv loaded in HDFS : /user/dr.who/staging_area/incoming/telematics/trip_summary/trip_summary_103.csv
2025-07-29 17:38:39,579 INFO: Removed local file : trip_summary_103.csv
2025-07-29 17:38:40,700 INFO: trip_summary_65.csv loaded in HDFS : /user/dr.who/staging_area/incoming/telematics/trip_summary/trip_summary_65.csv
2025-07-29 17:38:40,701 INFO: Removed local file : trip_summary_65.csv
2025-07-29 17:38:41,872 INFO: trip_summary_15.csv loaded in HDFS : /user/dr.who/staging_area/incoming/telematics/trip_summary/trip_summary_15.csv
2025-07-29 17:38:41,874 INFO: Removed local file : trip_summary_15.csv
2025-07-29 17:38:43,014 INFO: trip_summary_87.csv loaded in HDFS : /user/dr.who/staging_area/incoming/telematics/trip_summary/trip_summary_87.csv
2025-07-29 17:38:43,015 INFO: Removed local file : trip_summary_87.csv
2025-07-29 17:38:44,154 INFO: trip_summary_83.csv loaded in HDFS : /user/dr.who/staging_area/incoming/telematics/trip_summary/trip_summary_83.csv
2025-07-29 17:38:44,155 INFO: Removed local file : trip_summary_83.csv
2025-07-29 17:38:45,294 INFO: trip_summary_95.csv loaded in HDFS : /user/dr.who/staging_area/incoming/telematics/trip_summary/trip_summary_95.csv
2025-07-29 17:38:45,295 INFO: Removed local file : trip_summary_95.csv
2025-07-29 17:38:46,432 INFO: trip_summary_77.csv loaded in HDFS : /user/dr.who/staging_area/incoming/telematics/trip_summary/trip_summary_77.csv
2025-07-29 17:38:46,434 INFO: Removed local file : trip_summary_77.csv
2025-07-29 17:38:47,587 INFO: trip_summary_101.csv loaded in HDFS : /user/dr.who/staging_area/incoming/telematics/trip_summary/trip_summary_101.csv
2025-07-29 17:38:47,589 INFO: Removed local file : trip_summary_101.csv
2025-07-29 17:38:48,726 INFO: trip_summary_43.csv loaded in HDFS : /user/dr.who/staging_area/incoming/telematics/trip_summary/trip_summary_43.csv
2025-07-29 17:38:48,728 INFO: Removed local file : trip_summary_43.csv
2025-07-29 17:38:49,853 INFO: trip_summary_91.csv loaded in HDFS : /user/dr.who/staging_area/incoming/telematics/trip_summary/trip_summary_91.csv
2025-07-29 17:38:49,854 INFO: Removed local file : trip_summary_91.csv
2025-07-29 17:38:50,988 INFO: trip_summary_19.csv loaded in HDFS : /user/dr.who/staging_area/incoming/telematics/trip_summary/trip_summary_19.csv
2025-07-29 17:38:50,989 INFO: Removed local file : trip_summary_19.csv
2025-07-29 17:38:52,126 INFO: trip_summary_80.csv loaded in HDFS : /user/dr.who/staging_area/incoming/telematics/trip_summary/trip_summary_80.csv
2025-07-29 17:38:52,128 INFO: Removed local file : trip_summary_80.csv
2025-07-29 17:38:53,266 INFO: trip_summary_37.csv loaded in HDFS : /user/dr.who/staging_area/incoming/telematics/trip_summary/trip_summary_37.csv
2025-07-29 17:38:53,267 INFO: Removed local file : trip_summary_37.csv
2025-07-29 17:38:54,422 INFO: trip_summary_82.csv loaded in HDFS : /user/dr.who/staging_area/incoming/telematics/trip_summary/trip_summary_82.csv
2025-07-29 17:38:54,424 INFO: Removed local file : trip_summary_82.csv
2025-07-29 17:38:55,542 INFO: trip_summary_60.csv loaded in HDFS : /user/dr.who/staging_area/incoming/telematics/trip_summary/trip_summary_60.csv
2025-07-29 17:38:55,543 INFO: Removed local file : trip_summary_60.csv
2025-07-29 17:38:56,698 INFO: trip_summary_52.csv loaded in HDFS : /user/dr.who/staging_area/incoming/telematics/trip_summary/trip_summary_52.csv
2025-07-29 17:38:56,700 INFO: Removed local file : trip_summary_52.csv
2025-07-29 17:38:57,836 INFO: trip_summary_9.csv loaded in HDFS : /user/dr.who/staging_area/incoming/telematics/trip_summary/trip_summary_9.csv
2025-07-29 17:38:57,837 INFO: Removed local file : trip_summary_9.csv
2025-07-29 17:38:59,009 INFO: trip_summary_22.csv loaded in HDFS : /user/dr.who/staging_area/incoming/telematics/trip_summary/trip_summary_22.csv
2025-07-29 17:38:59,011 INFO: Removed local file : trip_summary_22.csv
2025-07-29 17:39:00,163 INFO: trip_summary_76.csv loaded in HDFS : /user/dr.who/staging_area/incoming/telematics/trip_summary/trip_summary_76.csv
2025-07-29 17:39:00,165 INFO: Removed local file : trip_summary_76.csv
2025-07-29 17:39:01,275 INFO: trip_summary_2.csv loaded in HDFS : /user/dr.who/staging_area/incoming/telematics/trip_summary/trip_summary_2.csv
2025-07-29 17:39:01,275 INFO: Removed local file : trip_summary_2.csv
2025-07-29 17:39:02,413 INFO: trip_summary_12.csv loaded in HDFS : /user/dr.who/staging_area/incoming/telematics/trip_summary/trip_summary_12.csv
2025-07-29 17:39:02,414 INFO: Removed local file : trip_summary_12.csv
2025-07-29 17:39:03,552 INFO: trip_summary_94.csv loaded in HDFS : /user/dr.who/staging_area/incoming/telematics/trip_summary/trip_summary_94.csv
2025-07-29 17:39:03,554 INFO: Removed local file : trip_summary_94.csv
2025-07-29 17:39:04,698 INFO: trip_summary_24.csv loaded in HDFS : /user/dr.who/staging_area/incoming/telematics/trip_summary/trip_summary_24.csv
2025-07-29 17:39:04,700 INFO: Removed local file : trip_summary_24.csv
2025-07-29 17:39:05,853 INFO: trip_summary_56.csv loaded in HDFS : /user/dr.who/staging_area/incoming/telematics/trip_summary/trip_summary_56.csv
2025-07-29 17:39:05,853 INFO: Removed local file : trip_summary_56.csv
2025-07-29 17:39:06,999 INFO: trip_summary_63.csv loaded in HDFS : /user/dr.who/staging_area/incoming/telematics/trip_summary/trip_summary_63.csv
2025-07-29 17:39:07,000 INFO: Removed local file : trip_summary_63.csv
2025-07-29 17:39:08,126 INFO: trip_summary_53.csv loaded in HDFS : /user/dr.who/staging_area/incoming/telematics/trip_summary/trip_summary_53.csv
2025-07-29 17:39:08,128 INFO: Removed local file : trip_summary_53.csv
2025-07-29 17:39:09,333 INFO: trip_summary_25.csv loaded in HDFS : /user/dr.who/staging_area/incoming/telematics/trip_summary/trip_summary_25.csv
2025-07-29 17:39:09,334 INFO: Removed local file : trip_summary_25.csv
2025-07-29 17:39:10,525 INFO: trip_summary_20.csv loaded in HDFS : /user/dr.who/staging_area/incoming/telematics/trip_summary/trip_summary_20.csv
2025-07-29 17:39:10,527 INFO: Removed local file : trip_summary_20.csv
2025-07-29 17:39:11,676 INFO: trip_summary_3.csv loaded in HDFS : /user/dr.who/staging_area/incoming/telematics/trip_summary/trip_summary_3.csv
2025-07-29 17:39:11,676 INFO: Removed local file : trip_summary_3.csv
2025-07-29 17:39:12,838 INFO: trip_summary_35.csv loaded in HDFS : /user/dr.who/staging_area/incoming/telematics/trip_summary/trip_summary_35.csv
2025-07-29 17:39:12,839 INFO: Removed local file : trip_summary_35.csv
2025-07-29 17:39:14,018 INFO: trip_summary_42.csv loaded in HDFS : /user/dr.who/staging_area/incoming/telematics/trip_summary/trip_summary_42.csv
2025-07-29 17:39:14,019 INFO: Removed local file : trip_summary_42.csv
2025-07-29 17:39:15,195 INFO: trip_summary_58.csv loaded in HDFS : /user/dr.who/staging_area/incoming/telematics/trip_summary/trip_summary_58.csv
2025-07-29 17:39:15,196 INFO: Removed local file : trip_summary_58.csv
2025-07-29 17:39:16,348 INFO: trip_summary_27.csv loaded in HDFS : /user/dr.who/staging_area/incoming/telematics/trip_summary/trip_summary_27.csv
2025-07-29 17:39:16,348 INFO: Removed local file : trip_summary_27.csv
2025-07-29 17:39:17,538 INFO: trip_summary_81.csv loaded in HDFS : /user/dr.who/staging_area/incoming/telematics/trip_summary/trip_summary_81.csv
2025-07-29 17:39:17,540 INFO: Removed local file : trip_summary_81.csv
2025-07-29 17:39:18,742 INFO: trip_summary_23.csv loaded in HDFS : /user/dr.who/staging_area/incoming/telematics/trip_summary/trip_summary_23.csv
2025-07-29 17:39:18,743 INFO: Removed local file : trip_summary_23.csv
2025-07-29 17:39:19,898 INFO: trip_summary_16.csv loaded in HDFS : /user/dr.who/staging_area/incoming/telematics/trip_summary/trip_summary_16.csv
2025-07-29 17:39:19,899 INFO: Removed local file : trip_summary_16.csv
2025-07-29 17:39:21,046 INFO: trip_summary_72.csv loaded in HDFS : /user/dr.who/staging_area/incoming/telematics/trip_summary/trip_summary_72.csv
2025-07-29 17:39:21,047 INFO: Removed local file : trip_summary_72.csv
2025-07-29 17:39:22,211 INFO: trip_summary_69.csv loaded in HDFS : /user/dr.who/staging_area/incoming/telematics/trip_summary/trip_summary_69.csv
2025-07-29 17:39:22,211 INFO: Removed local file : trip_summary_69.csv
2025-07-29 17:39:23,462 INFO: trip_summary_29.csv loaded in HDFS : /user/dr.who/staging_area/incoming/telematics/trip_summary/trip_summary_29.csv
2025-07-29 17:39:23,464 INFO: Removed local file : trip_summary_29.csv
2025-07-29 17:39:24,611 INFO: trip_summary_96.csv loaded in HDFS : /user/dr.who/staging_area/incoming/telematics/trip_summary/trip_summary_96.csv
2025-07-29 17:39:24,613 INFO: Removed local file : trip_summary_96.csv
2025-07-29 17:39:25,822 INFO: trip_summary_62.csv loaded in HDFS : /user/dr.who/staging_area/incoming/telematics/trip_summary/trip_summary_62.csv
2025-07-29 17:39:25,823 INFO: Removed local file : trip_summary_62.csv
2025-07-29 17:39:26,989 INFO: trip_summary_13.csv loaded in HDFS : /user/dr.who/staging_area/incoming/telematics/trip_summary/trip_summary_13.csv
2025-07-29 17:39:26,990 INFO: Removed local file : trip_summary_13.csv
2025-07-29 17:39:28,119 INFO: trip_summary_85.csv loaded in HDFS : /user/dr.who/staging_area/incoming/telematics/trip_summary/trip_summary_85.csv
2025-07-29 17:39:28,120 INFO: Removed local file : trip_summary_85.csv
2025-07-29 17:39:29,246 INFO: trip_summary_17.csv loaded in HDFS : /user/dr.who/staging_area/incoming/telematics/trip_summary/trip_summary_17.csv
2025-07-29 17:39:29,247 INFO: Removed local file : trip_summary_17.csv
2025-07-29 17:39:30,484 INFO: trip_summary_67.csv loaded in HDFS : /user/dr.who/staging_area/incoming/telematics/trip_summary/trip_summary_67.csv
2025-07-29 17:39:30,486 INFO: Removed local file : trip_summary_67.csv
2025-07-29 17:39:31,642 INFO: trip_summary_99.csv loaded in HDFS : /user/dr.who/staging_area/incoming/telematics/trip_summary/trip_summary_99.csv
2025-07-29 17:39:31,643 INFO: Removed local file : trip_summary_99.csv
2025-07-29 17:39:32,845 INFO: trip_summary_10.csv loaded in HDFS : /user/dr.who/staging_area/incoming/telematics/trip_summary/trip_summary_10.csv
2025-07-29 17:39:32,847 INFO: Removed local file : trip_summary_10.csv
2025-07-29 17:39:34,020 INFO: trip_summary_102.csv loaded in HDFS : /user/dr.who/staging_area/incoming/telematics/trip_summary/trip_summary_102.csv
2025-07-29 17:39:34,021 INFO: Removed local file : trip_summary_102.csv
2025-07-29 17:39:35,185 INFO: trip_summary_68.csv loaded in HDFS : /user/dr.who/staging_area/incoming/telematics/trip_summary/trip_summary_68.csv
2025-07-29 17:39:35,187 INFO: Removed local file : trip_summary_68.csv
2025-07-29 17:39:36,400 INFO: trip_summary_4.csv loaded in HDFS : /user/dr.who/staging_area/incoming/telematics/trip_summary/trip_summary_4.csv
2025-07-29 17:39:36,401 INFO: Removed local file : trip_summary_4.csv
2025-07-29 17:39:37,571 INFO: trip_summary_38.csv loaded in HDFS : /user/dr.who/staging_area/incoming/telematics/trip_summary/trip_summary_38.csv
2025-07-29 17:39:37,572 INFO: Removed local file : trip_summary_38.csv
2025-07-29 17:39:38,732 INFO: trip_summary_74.csv loaded in HDFS : /user/dr.who/staging_area/incoming/telematics/trip_summary/trip_summary_74.csv
2025-07-29 17:39:38,734 INFO: Removed local file : trip_summary_74.csv
2025-07-29 17:39:39,927 INFO: trip_summary_41.csv loaded in HDFS : /user/dr.who/staging_area/incoming/telematics/trip_summary/trip_summary_41.csv
2025-07-29 17:39:39,928 INFO: Removed local file : trip_summary_41.csv
2025-07-29 17:39:41,091 INFO: trip_summary_90.csv loaded in HDFS : /user/dr.who/staging_area/incoming/telematics/trip_summary/trip_summary_90.csv
2025-07-29 17:39:41,093 INFO: Removed local file : trip_summary_90.csv
2025-07-29 17:39:42,219 INFO: trip_summary_100.csv loaded in HDFS : /user/dr.who/staging_area/incoming/telematics/trip_summary/trip_summary_100.csv
2025-07-29 17:39:42,220 INFO: Removed local file : trip_summary_100.csv
2025-07-29 17:39:43,388 INFO: trip_summary_79.csv loaded in HDFS : /user/dr.who/staging_area/incoming/telematics/trip_summary/trip_summary_79.csv
2025-07-29 17:39:43,390 INFO: Removed local file : trip_summary_79.csv
2025-07-29 17:39:44,538 INFO: trip_summary_50.csv loaded in HDFS : /user/dr.who/staging_area/incoming/telematics/trip_summary/trip_summary_50.csv
2025-07-29 17:39:44,539 INFO: Removed local file : trip_summary_50.csv
2025-07-29 17:39:45,699 INFO: trip_summary_64.csv loaded in HDFS : /user/dr.who/staging_area/incoming/telematics/trip_summary/trip_summary_64.csv
2025-07-29 17:39:45,700 INFO: Removed local file : trip_summary_64.csv
2025-07-29 17:39:46,847 INFO: trip_summary_6.csv loaded in HDFS : /user/dr.who/staging_area/incoming/telematics/trip_summary/trip_summary_6.csv
2025-07-29 17:39:46,847 INFO: Removed local file : trip_summary_6.csv
2025-07-29 17:39:47,987 INFO: trip_summary_51.csv loaded in HDFS : /user/dr.who/staging_area/incoming/telematics/trip_summary/trip_summary_51.csv
2025-07-29 17:39:47,988 INFO: Removed local file : trip_summary_51.csv
2025-07-29 17:39:49,120 INFO: trip_summary_34.csv loaded in HDFS : /user/dr.who/staging_area/incoming/telematics/trip_summary/trip_summary_34.csv
2025-07-29 17:39:49,121 INFO: Removed local file : trip_summary_34.csv
2025-07-29 17:39:50,271 INFO: trip_summary_93.csv loaded in HDFS : /user/dr.who/staging_area/incoming/telematics/trip_summary/trip_summary_93.csv
2025-07-29 17:39:50,272 INFO: Removed local file : trip_summary_93.csv
2025-07-29 17:39:51,416 INFO: trip_summary_71.csv loaded in HDFS : /user/dr.who/staging_area/incoming/telematics/trip_summary/trip_summary_71.csv
2025-07-29 17:39:51,418 INFO: Removed local file : trip_summary_71.csv
2025-07-29 17:39:52,566 INFO: trip_summary_75.csv loaded in HDFS : /user/dr.who/staging_area/incoming/telematics/trip_summary/trip_summary_75.csv
2025-07-29 17:39:52,567 INFO: Removed local file : trip_summary_75.csv
2025-07-29 17:39:53,715 INFO: trip_summary_84.csv loaded in HDFS : /user/dr.who/staging_area/incoming/telematics/trip_summary/trip_summary_84.csv
2025-07-29 17:39:53,716 INFO: Removed local file : trip_summary_84.csv
2025-07-29 17:39:54,855 INFO: trip_summary_18.csv loaded in HDFS : /user/dr.who/staging_area/incoming/telematics/trip_summary/trip_summary_18.csv
2025-07-29 17:39:54,856 INFO: Removed local file : trip_summary_18.csv
2025-07-29 17:39:56,008 INFO: trip_summary_11.csv loaded in HDFS : /user/dr.who/staging_area/incoming/telematics/trip_summary/trip_summary_11.csv
2025-07-29 17:39:56,009 INFO: Removed local file : trip_summary_11.csv
2025-07-29 17:39:57,149 INFO: trip_summary_32.csv loaded in HDFS : /user/dr.who/staging_area/incoming/telematics/trip_summary/trip_summary_32.csv
2025-07-29 17:39:57,150 INFO: Removed local file : trip_summary_32.csv
2025-07-29 17:39:58,309 INFO: trip_summary_66.csv loaded in HDFS : /user/dr.who/staging_area/incoming/telematics/trip_summary/trip_summary_66.csv
2025-07-29 17:39:58,310 INFO: Removed local file : trip_summary_66.csv
2025-07-29 17:39:59,428 INFO: trip_summary_49.csv loaded in HDFS : /user/dr.who/staging_area/incoming/telematics/trip_summary/trip_summary_49.csv
2025-07-29 17:39:59,429 INFO: Removed local file : trip_summary_49.csv
2025-07-29 17:40:00,567 INFO: trip_summary_86.csv loaded in HDFS : /user/dr.who/staging_area/incoming/telematics/trip_summary/trip_summary_86.csv
2025-07-29 17:40:00,568 INFO: Removed local file : trip_summary_86.csv
2025-07-29 17:40:01,707 INFO: trip_summary_7.csv loaded in HDFS : /user/dr.who/staging_area/incoming/telematics/trip_summary/trip_summary_7.csv
2025-07-29 17:40:01,709 INFO: Removed local file : trip_summary_7.csv
2025-07-29 17:40:02,843 INFO: trip_summary_36.csv loaded in HDFS : /user/dr.who/staging_area/incoming/telematics/trip_summary/trip_summary_36.csv
2025-07-29 17:40:02,844 INFO: Removed local file : trip_summary_36.csv
2025-07-29 17:40:04,001 INFO: trip_summary.csv loaded in HDFS : /user/dr.who/staging_area/incoming/telematics/trip_summary/trip_summary.csv
2025-07-29 17:40:04,002 INFO: Removed local file : trip_summary.csv
2025-07-29 17:40:05,154 INFO: trip_summary_55.csv loaded in HDFS : /user/dr.who/staging_area/incoming/telematics/trip_summary/trip_summary_55.csv
2025-07-29 17:40:05,155 INFO: Removed local file : trip_summary_55.csv
2025-07-29 17:40:06,283 INFO: trip_summary_33.csv loaded in HDFS : /user/dr.who/staging_area/incoming/telematics/trip_summary/trip_summary_33.csv
2025-07-29 17:40:06,284 INFO: Removed local file : trip_summary_33.csv
2025-07-29 17:40:07,418 INFO: trip_summary_104.csv loaded in HDFS : /user/dr.who/staging_area/incoming/telematics/trip_summary/trip_summary_104.csv
2025-07-29 17:40:07,419 INFO: Removed local file : trip_summary_104.csv
2025-07-29 17:40:08,559 INFO: trip_summary_30.csv loaded in HDFS : /user/dr.who/staging_area/incoming/telematics/trip_summary/trip_summary_30.csv
2025-07-29 17:40:08,560 INFO: Removed local file : trip_summary_30.csv
