2025-07-21 00:14:39,504 INFO: Copiato: behaviour_summary.csv
2025-07-21 00:14:39,507 INFO: Copiato: province_summary.csv
2025-07-21 00:14:39,510 INFO: Copiato: trip_summary.csv
2025-07-21 00:14:39,511 INFO: Copiato: CLAIMSAPR2024.csv
2025-07-21 00:19:10,028 INFO: Copiato: behaviour_summary.csv
2025-07-21 00:19:10,032 INFO: Copiato: province_summary.csv
2025-07-21 00:19:10,037 INFO: Copiato: trip_summary.csv
2025-07-21 00:19:10,038 INFO: Copiato: CLAIMSAPR2024.csv
2025-07-24 14:56:44,335 INFO: Copiato: behaviour_summary_108.csv
2025-07-24 14:56:44,348 INFO: Copiato: province_summary_100.csv
2025-07-24 14:56:44,361 INFO: Copiato: trip_summary_100.csv
2025-07-24 14:56:44,365 INFO: Copiato: CLAIMSJUL2024.csv
2025-07-24 15:08:50,617 INFO: Copiato: behaviour_summary_108.csv
2025-07-24 15:08:50,630 INFO: Copiato: province_summary_10.csv
2025-07-24 15:08:50,643 INFO: Copiato: trip_summary_103.csv
2025-07-24 15:08:50,646 INFO: Copiato: CLAIMSAUG2024.csv
2025-07-31 11:59:26,703 INFO: Copiato: behaviour_summary_101.csv
2025-07-31 11:59:26,716 INFO: Copiato: province_summary_14.csv
2025-07-31 11:59:26,728 INFO: Copiato: trip_summary_100.csv
2025-07-31 11:59:26,731 INFO: Copiato: CLAIMSFEB2024.csv
